0 info it worked if it ends with ok
1 verbose cli [ '/usr/local/Cellar/node/7.0.0/bin/node',
1 verbose cli   '/usr/local/bin/npm',
1 verbose cli   'run',
1 verbose cli   'demo' ]
2 info using npm@4.0.3
3 info using node@v7.0.0
4 verbose run-script [ 'predemo', 'demo', 'postdemo' ]
5 info lifecycle materiel@0.0.1~predemo: materiel@0.0.1
6 silly lifecycle materiel@0.0.1~predemo: no script for predemo, continuing
7 info lifecycle materiel@0.0.1~demo: materiel@0.0.1
8 verbose lifecycle materiel@0.0.1~demo: unsafe-perm in lifecycle true
9 verbose lifecycle materiel@0.0.1~demo: PATH: /usr/local/lib/node_modules/npm/bin/node-gyp-bin:/Users/svalencia/react-materiel/node_modules/.bin:/Users/svalencia/.yarn/bin:/usr/local/bin:/usr/bin:/bin:/usr/sbin:/sbin:/Applications/Postgres.app/Contents/Versions/latest/bin
10 verbose lifecycle materiel@0.0.1~demo: CWD: /Users/svalencia/react-materiel
11 silly lifecycle materiel@0.0.1~demo: Args: [ '-c', 'cd demo && npm run build && npm start' ]
12 silly lifecycle materiel@0.0.1~demo: Returned: code: 1  signal: null
13 info lifecycle materiel@0.0.1~demo: Failed to exec demo script
14 verbose stack Error: materiel@0.0.1 demo: `cd demo && npm run build && npm start`
14 verbose stack Exit status 1
14 verbose stack     at EventEmitter.<anonymous> (/usr/local/lib/node_modules/npm/lib/utils/lifecycle.js:279:16)
14 verbose stack     at emitTwo (events.js:106:13)
14 verbose stack     at EventEmitter.emit (events.js:191:7)
14 verbose stack     at ChildProcess.<anonymous> (/usr/local/lib/node_modules/npm/lib/utils/spawn.js:40:14)
14 verbose stack     at emitTwo (events.js:106:13)
14 verbose stack     at ChildProcess.emit (events.js:191:7)
14 verbose stack     at maybeClose (internal/child_process.js:877:16)
14 verbose stack     at Process.ChildProcess._handle.onexit (internal/child_process.js:226:5)
15 verbose pkgid materiel@0.0.1
16 verbose cwd /Users/svalencia/react-materiel
17 error Darwin 15.6.0
18 error argv "/usr/local/Cellar/node/7.0.0/bin/node" "/usr/local/bin/npm" "run" "demo"
19 error node v7.0.0
20 error npm  v4.0.3
21 error code ELIFECYCLE
22 error materiel@0.0.1 demo: `cd demo && npm run build && npm start`
22 error Exit status 1
23 error Failed at the materiel@0.0.1 demo script 'cd demo && npm run build && npm start'.
23 error Make sure you have the latest version of node.js and npm installed.
23 error If you do, this is most likely a problem with the materiel package,
23 error not with npm itself.
23 error Tell the author that this fails on your system:
23 error     cd demo && npm run build && npm start
23 error You can get information on how to open an issue for this project with:
23 error     npm bugs materiel
23 error Or if that isn't available, you can get their info via:
23 error     npm owner ls materiel
23 error There is likely additional logging output above.
24 verbose exit [ 1, true ]
